[0.163s] Invoking command in '/home/qwq/dev/my_ws/src/learn_ros2/build/learn_ros2': CMAKE_PREFIX_PATH=${CMAKE_PREFIX_PATH}:/opt/ros/humble /usr/bin/cmake /home/qwq/dev/my_ws/src/learn_ros2 -DCMAKE_INSTALL_PREFIX=/home/qwq/dev/my_ws/src/learn_ros2/install/learn_ros2
[5.453s] -- The C compiler identification is GNU 11.4.0
[8.152s] -- The CXX compiler identification is GNU 11.4.0
[8.400s] -- Detecting C compiler ABI info
[8.827s] -- Detecting C compiler ABI info - done
[8.839s] -- Check for working C compiler: /usr/bin/cc - skipped
[8.839s] -- Detecting C compile features
[9.014s] -- Detecting C compile features - done
[9.047s] -- Detecting CXX compiler ABI info
[9.811s] -- Detecting CXX compiler ABI info - done
[9.819s] -- Check for working CXX compiler: /usr/bin/c++ - skipped
[9.819s] -- Detecting CXX compile features
[9.819s] -- Detecting CXX compile features - done
[10.459s] -- Found ament_cmake: 1.3.5 (/opt/ros/humble/share/ament_cmake/cmake)
[11.015s] -- Found Python3: /usr/bin/python3.10 (found version "3.10.12") found components: Interpreter 
[11.774s] -- Found rclcpp: 16.0.6 (/opt/ros/humble/share/rclcpp/cmake)
[13.418s] -- Found rosidl_generator_c: 3.1.5 (/opt/ros/humble/share/rosidl_generator_c/cmake)
[13.586s] -- Found rosidl_adapter: 3.1.5 (/opt/ros/humble/share/rosidl_adapter/cmake)
[13.787s] -- Found rosidl_generator_cpp: 3.1.5 (/opt/ros/humble/share/rosidl_generator_cpp/cmake)
[14.196s] -- Using all available rosidl_typesupport_c: rosidl_typesupport_fastrtps_c;rosidl_typesupport_introspection_c
[14.470s] -- Using all available rosidl_typesupport_cpp: rosidl_typesupport_fastrtps_cpp;rosidl_typesupport_introspection_cpp
[15.601s] -- Found rmw_implementation_cmake: 6.1.1 (/opt/ros/humble/share/rmw_implementation_cmake/cmake)
[15.684s] -- Found rmw_fastrtps_cpp: 6.2.4 (/opt/ros/humble/share/rmw_fastrtps_cpp/cmake)
[16.943s] -- Found OpenSSL: /usr/lib/x86_64-linux-gnu/libcrypto.so (found version "3.0.2")  
[17.041s] -- Found FastRTPS: /opt/ros/humble/include  
[17.099s] -- Using RMW implementation 'rmw_fastrtps_cpp' as default
[17.439s] -- Looking for pthread.h
[17.550s] -- Looking for pthread.h - found
[17.551s] -- Performing Test CMAKE_HAVE_LIBC_PTHREAD
[17.736s] -- Performing Test CMAKE_HAVE_LIBC_PTHREAD - Success
[17.737s] -- Found Threads: TRUE  
[19.321s] -- Found example_interfaces: 0.9.3 (/opt/ros/humble/share/example_interfaces/cmake)
[20.402s] -- Found ament_lint_auto: 0.12.8 (/opt/ros/humble/share/ament_lint_auto/cmake)
[20.685s] -- Added test 'cppcheck' to perform static code analysis on C / C++ code
[20.686s] -- Configured cppcheck include dirs: 
[20.686s] -- Configured cppcheck exclude dirs and/or files: 
[20.692s] -- Added test 'lint_cmake' to check CMake code style
[20.714s] -- Added test 'uncrustify' to check C / C++ code style
[20.714s] -- Configured uncrustify additional arguments: 
[20.731s] -- Added test 'xmllint' to check XML markup files
[20.769s] -- Configuring done
[20.852s] -- Generating done
[20.854s] -- Build files have been written to: /home/qwq/dev/my_ws/src/learn_ros2/build/learn_ros2
[20.864s] Invoked command in '/home/qwq/dev/my_ws/src/learn_ros2/build/learn_ros2' returned '0': CMAKE_PREFIX_PATH=${CMAKE_PREFIX_PATH}:/opt/ros/humble /usr/bin/cmake /home/qwq/dev/my_ws/src/learn_ros2 -DCMAKE_INSTALL_PREFIX=/home/qwq/dev/my_ws/src/learn_ros2/install/learn_ros2
[20.866s] Invoking command in '/home/qwq/dev/my_ws/src/learn_ros2/build/learn_ros2': CMAKE_PREFIX_PATH=${CMAKE_PREFIX_PATH}:/opt/ros/humble /usr/bin/cmake --build /home/qwq/dev/my_ws/src/learn_ros2/build/learn_ros2 -- -j8 -l8
[20.942s] [ 10%] [32mBuilding CXX object CMakeFiles/pub_node.dir/src/publisher.cpp.o[0m
[20.943s] [ 20%] [32mBuilding CXX object CMakeFiles/first_node.dir/src/node.cpp.o[0m
[20.944s] [ 30%] [32mBuilding CXX object CMakeFiles/server_node.dir/src/server.cpp.o[0m
[20.949s] [ 40%] [32mBuilding CXX object CMakeFiles/sub_node.dir/src/subscriber.cpp.o[0m
[20.957s] [ 50%] [32mBuilding CXX object CMakeFiles/client_node.dir/src/client.cpp.o[0m
[23.579s] [01m[K/home/qwq/dev/my_ws/src/learn_ros2/src/client.cpp:2:10:[m[K [01;31m[Kfatal error: [m[Kexample_interfaces/srv/add_two_ints.hpp: No such file or directory
[23.579s]     2 | #include [01;31m[K"example_interfaces/srv/add_two_ints.hpp"[m[K
[23.579s]       |          [01;31m[K^~~~~~~~~~~~~~~~~~~~~~~~~~~~~~~~~~~~~~~~~[m[K
[23.579s] compilation terminated.
[23.580s] [01m[K/home/qwq/dev/my_ws/src/learn_ros2/src/server.cpp:2:10:[m[K [01;31m[Kfatal error: [m[Kexample_interfaces/srv/add_two_ints.hpp: No such file or directory
[23.580s]     2 | #include [01;31m[K"example_interfaces/srv/add_two_ints.hpp"[m[K
[23.580s]       |          [01;31m[K^~~~~~~~~~~~~~~~~~~~~~~~~~~~~~~~~~~~~~~~~[m[K
[23.580s] compilation terminated.
[23.633s] gmake[2]: *** [CMakeFiles/client_node.dir/build.make:76: CMakeFiles/client_node.dir/src/client.cpp.o] Error 1
[23.633s] gmake[2]: *** [CMakeFiles/server_node.dir/build.make:76: CMakeFiles/server_node.dir/src/server.cpp.o] Error 1
[23.634s] gmake[1]: *** [CMakeFiles/Makefile2:223: CMakeFiles/server_node.dir/all] Error 2
[23.634s] gmake[1]: *** Waiting for unfinished jobs....
[23.634s] gmake[1]: *** [CMakeFiles/Makefile2:249: CMakeFiles/client_node.dir/all] Error 2
[64.006s] [ 80%] [32m[1mLinking CXX executable first_node[0m
[64.007s] [ 80%] [32m[1mLinking CXX executable pub_node[0m
[64.007s] [ 80%] [32m[1mLinking CXX executable sub_node[0m
[71.087s] [ 80%] Built target first_node
[71.182s] [ 80%] Built target pub_node
[71.418s] [ 80%] Built target sub_node
[71.421s] gmake: *** [Makefile:146: all] Error 2
[71.540s] Invoked command in '/home/qwq/dev/my_ws/src/learn_ros2/build/learn_ros2' returned '2': CMAKE_PREFIX_PATH=${CMAKE_PREFIX_PATH}:/opt/ros/humble /usr/bin/cmake --build /home/qwq/dev/my_ws/src/learn_ros2/build/learn_ros2 -- -j8 -l8
